[f3.silvergames.com/m/hotline-city/index.html]
[backblue.gif]
[fade.gif]
[index.html]
[f3.silvergames.com/m/hotline-city/icon-256.png]
[f3.silvergames.com/m/hotline-city/jquery-3.4.1.min.js]
[f3.silvergames.com/m/hotline-city/pathfind.js]
[f3.silvergames.com/m/hotline-city/c2runtime.js]
[f3.silvergames.com/m/hotline-city/sw.js]
[www.silvergames.com/js/sg.min.js]
[f3.silvergames.com/m/hotline-city/index.html]
[f3.silvergames.com/m/hotline-city/appmanifest.html]
[f3.silvergames.com/m/hotline-city/jquery-3.4.1.min.js]
[f3.silvergames.com/m/hotline-city/pathfind.js]
[f3.silvergames.com/m/hotline-city/data.js]
[f3.silvergames.com/m/hotline-city/Error fetching data.js]
[f3.silvergames.com/m/hotline-city/GET]
[f3.silvergames.com/m/hotline-city/loading-logo.png]
[f3.silvergames.com/m/hotline-city/_C2SaveStates]
[f3.silvergames.com/m/hotline-city/offlineClient.js]
[f3.silvergames.com/m/hotline-city/penumbra.png]
[f3.silvergames.com/m/hotline-city/c2runtime.js]
[f3.silvergames.com/m/hotline-city/Custom driver not compliant; see https_/mozilla.github.io/localForage/index.html]
[f3.silvergames.com/m/hotline-city/offline.js]
[f3.silvergames.com/m/hotline-city/ABCDEFGHIJKLMNOPQRSTUVWXYZabcdefghijklmnopqrstuvwxyz0123456789+/index.html]
[f3.silvergames.com/m/hotline-city/request.url]
[f3.silvergames.com/m/hotline-city/event.request.url]
[f3.silvergames.com/m/hotline-city/sw.js]
[www.silvergames.com/js/sg.min.js]
[f3.silvergames.com/m/hotline-city/data.js]
[f3.silvergames.com/m/hotline-city/Error fetching data.html]
[f3.silvergames.com/m/hotline-city/GET.html]
[f3.silvergames.com/m/hotline-city/_C2SaveStates.html]
[f3.silvergames.com/m/hotline-city/offlineClient.js]
[f3.silvergames.com/m/hotline-city/Custom driver not compliant; see https_/mozilla.github.io/localForage/index.html]
[f3.silvergames.com/m/hotline-city/ABCDEFGHIJKLMNOPQRSTUVWXYZabcdefghijklmnopqrstuvwxyz0123456789+/index.html]
[f3.silvergames.com/m/hotline-city/images/background1.png]
[f3.silvergames.com/m/hotline-city/media/index.html]
[f3.silvergames.com/m/hotline-city/images/wall_tile.png]
[f3.silvergames.com/m/hotline-city/images/player_basis-sheet0.png]
[f3.silvergames.com/m/hotline-city/images/player_body-sheet0.png]
[f3.silvergames.com/m/hotline-city/images/player_body-sheet1.png]
[f3.silvergames.com/m/hotline-city/images/player_body-sheet2.png]
[f3.silvergames.com/m/hotline-city/images/camera_scrollto-sheet0.png]
[f3.silvergames.com/m/hotline-city/images/camera_distance-sheet0.png]
[f3.silvergames.com/m/hotline-city/images/camera_scrollto_base-sheet0.png]
[f3.silvergames.com/m/hotline-city/images/aim-sheet0.png]
[f3.silvergames.com/m/hotline-city/images/player_foot-sheet0.png]
[f3.silvergames.com/m/hotline-city/images/player_foot-sheet1.png]
[f3.silvergames.com/m/hotline-city/images/player_foot-sheet2.png]
[f3.silvergames.com/m/hotline-city/images/guns-sheet0.png]
[f3.silvergames.com/m/hotline-city/images/wall_sprite-sheet0.png]
[f3.silvergames.com/m/hotline-city/images/wall_sprite-sheet1.png]
[f3.silvergames.com/m/hotline-city/images/bullet_cartridge-sheet0.png]
[f3.silvergames.com/m/hotline-city/images/bullet_cartridge-sheet1.png]
[f3.silvergames.com/m/hotline-city/images/bullet-sheet0.png]
[f3.silvergames.com/m/hotline-city/images/wall_particls-sheet0.png]
[f3.silvergames.com/m/hotline-city/images/wall_particls-sheet1.png]
[f3.silvergames.com/m/hotline-city/images/particles-sheet0.png]
[f3.silvergames.com/m/hotline-city/images/particles-sheet1.png]
[f3.silvergames.com/m/hotline-city/images/particles-sheet2.png]
[f3.silvergames.com/m/hotline-city/images/doors-sheet0.png]
[f3.silvergames.com/m/hotline-city/images/sprite11-sheet0.png]
[f3.silvergames.com/m/hotline-city/images/enemy_body-sheet0.png]
[f3.silvergames.com/m/hotline-city/images/enemy_body-sheet1.png]
[f3.silvergames.com/m/hotline-city/images/enemy_body-sheet2.png]
[f3.silvergames.com/m/hotline-city/images/spritefont.png]
[f3.silvergames.com/m/hotline-city/images/bullet_sled-sheet0.png]
[f3.silvergames.com/m/hotline-city/images/spritefont2.png]
[f3.silvergames.com/m/hotline-city/images/s.png]
[f3.silvergames.com/m/hotline-city/images/wall_shadows-sheet0.png]
[f3.silvergames.com/m/hotline-city/images/doors_shadows-sheet0.png]
[f3.silvergames.com/m/hotline-city/images/sprite-sheet0.png]
[f3.silvergames.com/m/hotline-city/images/background2.png]
[f3.silvergames.com/m/hotline-city/images/backgroud3.png]
[f3.silvergames.com/m/hotline-city/images/backgroundfull-sheet0.png]
[f3.silvergames.com/m/hotline-city/images/tiledbackground.png]
[f3.silvergames.com/m/hotline-city/images/wall_sprite2-sheet0.png]
[f3.silvergames.com/m/hotline-city/images/torchspotlight-sheet0.png]
[f3.silvergames.com/m/hotline-city/images/sprite3-sheet0.png]
[f3.silvergames.com/m/hotline-city/images/torchspotlight2-sheet0.png]
[f3.silvergames.com/m/hotline-city/images/torchspotlight3-sheet0.png]
[f3.silvergames.com/m/hotline-city/images/tiledbackground2.png]
[f3.silvergames.com/m/hotline-city/images/torchspotlight4-sheet0.png]
[f3.silvergames.com/m/hotline-city/images/tiledbackground3.png]
[f3.silvergames.com/m/hotline-city/images/raindrop-sheet0.png]
[f3.silvergames.com/m/hotline-city/images/splash-sheet0.png]
[f3.silvergames.com/m/hotline-city/images/puddlecutout-sheet0.png]
[f3.silvergames.com/m/hotline-city/images/cloudshadow-sheet0.png]
[f3.silvergames.com/m/hotline-city/images/torchspotlight5-sheet0.png]
[f3.silvergames.com/m/hotline-city/images/torchspotlight5-sheet1.png]
[f3.silvergames.com/m/hotline-city/images/sprite4-sheet0.png]
[f3.silvergames.com/m/hotline-city/images/spritefont4.png]
[f3.silvergames.com/m/hotline-city/images/tiledbackground4.png]
[f3.silvergames.com/m/hotline-city/images/sprite5-sheet0.png]
[f3.silvergames.com/m/hotline-city/images/car-sheet0.png]
[f3.silvergames.com/m/hotline-city/images/car-sheet1.png]
[f3.silvergames.com/m/hotline-city/images/sprite7-sheet0.png]
[f3.silvergames.com/m/hotline-city/images/sprite7-sheet1.png]
[f3.silvergames.com/m/hotline-city/images/sprite7-sheet2.png]
[f3.silvergames.com/m/hotline-city/images/torchspotlight6-sheet0.png]
[f3.silvergames.com/m/hotline-city/images/triggerguns-sheet0.png]
[f3.silvergames.com/m/hotline-city/images/logo-sheet0.png]
[f3.silvergames.com/m/hotline-city/images/logo-sheet1.png]
[f3.silvergames.com/m/hotline-city/images/logo-sheet2.png]
[f3.silvergames.com/m/hotline-city/images/start_button-sheet0.png]
[f3.silvergames.com/m/hotline-city/images/levels_button-sheet0.png]
[f3.silvergames.com/m/hotline-city/images/torchspotlight7-sheet0.png]
[f3.silvergames.com/m/hotline-city/images/change_levelandexit_button-sheet0.png]
[f3.silvergames.com/m/hotline-city/images/sound_button-sheet0.png]
[f3.silvergames.com/m/hotline-city/images/sound_button-sheet1.png]
[f3.silvergames.com/m/hotline-city/media/enemyvoice1.ogg]
[f3.silvergames.com/m/hotline-city/media/enemyvoice10.ogg]
[f3.silvergames.com/m/hotline-city/media/enemyvoice11.ogg]
[f3.silvergames.com/m/hotline-city/media/enemyvoice12.ogg]
[f3.silvergames.com/m/hotline-city/media/enemyvoice13.ogg]
[f3.silvergames.com/m/hotline-city/media/enemyvoice14.ogg]
[f3.silvergames.com/m/hotline-city/media/enemyvoice15.ogg]
[f3.silvergames.com/m/hotline-city/media/enemyvoice2.ogg]
[f3.silvergames.com/m/hotline-city/media/enemyvoice3.ogg]
[f3.silvergames.com/m/hotline-city/media/enemyvoice4.ogg]
[f3.silvergames.com/m/hotline-city/media/enemyvoice5.ogg]
[f3.silvergames.com/m/hotline-city/media/enemyvoice6.ogg]
[f3.silvergames.com/m/hotline-city/media/enemyvoice7.ogg]
[f3.silvergames.com/m/hotline-city/media/enemyvoice8.ogg]
[f3.silvergames.com/m/hotline-city/media/enemyvoice9.ogg]
[f3.silvergames.com/m/hotline-city/media/shotgun.ogg]
[f3.silvergames.com/m/hotline-city/media/dont bullets.ogg]
[f3.silvergames.com/m/hotline-city/media/rifle.ogg]
[f3.silvergames.com/m/hotline-city/media/shotgun3.ogg]
[f3.silvergames.com/m/hotline-city/media/getshotgun.ogg]
[f3.silvergames.com/m/hotline-city/media/getak47.ogg]
[f3.silvergames.com/m/hotline-city/media/swish_2.ogg]
[f3.silvergames.com/m/hotline-city/media/swish_3.ogg]
[f3.silvergames.com/m/hotline-city/media/hit1.ogg]
[f3.silvergames.com/m/hotline-city/media/hit2.ogg]
[f3.silvergames.com/m/hotline-city/media/hit3.ogg]
[f3.silvergames.com/m/hotline-city/media/bat1.ogg]
[f3.silvergames.com/m/hotline-city/media/bat2.ogg]
[f3.silvergames.com/m/hotline-city/media/door_1.ogg]
[f3.silvergames.com/m/hotline-city/media/door_2.ogg]
[f3.silvergames.com/m/hotline-city/media/door_3.ogg]
[f3.silvergames.com/m/hotline-city/media/2.ogg]
[f3.silvergames.com/m/hotline-city/media/key_lock_door_17.ogg]
[f3.silvergames.com/m/hotline-city/media/3.ogg]
[f3.silvergames.com/m/hotline-city/media/rainloop.ogg]
[f3.silvergames.com/m/hotline-city/media/startrain.ogg]
[f3.silvergames.com/m/hotline-city/media/001_synthwave_4k.ogg]
[f3.silvergames.com/m/hotline-city/media/zodik - technology 82.ogg]
[f3.silvergames.com/m/hotline-city/icon-16.png]
[f3.silvergames.com/m/hotline-city/icon-32.png]
[f3.silvergames.com/m/hotline-city/icon-114.png]
[f3.silvergames.com/m/hotline-city/icon-128.png]
[f3.silvergames.com/m/hotline-city/offline.js]
[f3.silvergames.com/m/hotline-city/request.html]
[f3.silvergames.com/m/hotline-city/event.request.html]
[f3.silvergames.com/m/hotline-city/media/index.html]
